[debug] [2021-06-26T02:03:21.617Z] ----------------------------------------------------------------------
[debug] [2021-06-26T02:03:21.618Z] Command:       C:\Program Files\nodejs\node.exe C:\Users\ACER\AppData\Roaming\npm\node_modules\firebase-tools\lib\bin\firebase.js init
[debug] [2021-06-26T02:03:21.618Z] CLI Version:   9.14.0
[debug] [2021-06-26T02:03:21.618Z] Platform:      win32
[debug] [2021-06-26T02:03:21.618Z] Node Version:  v14.16.1
[debug] [2021-06-26T02:03:21.619Z] Time:          Sat Jun 26 2021 09:03:21 GMT+0700 (Indochina Time)
[debug] [2021-06-26T02:03:21.619Z] ----------------------------------------------------------------------
[debug] 
[debug] [2021-06-26T02:03:21.622Z] > command requires scopes: ["email","openid","https://www.googleapis.com/auth/cloudplatformprojects.readonly","https://www.googleapis.com/auth/firebase","https://www.googleapis.com/auth/cloud-platform"]
[debug] [2021-06-26T02:03:21.622Z] > authorizing via signed-in user (thinhphamk8@gmail.com)
[info] 
     ######## #### ########  ######## ########     ###     ######  ########
     ##        ##  ##     ## ##       ##     ##  ##   ##  ##       ##
     ######    ##  ########  ######   ########  #########  ######  ######
     ##        ##  ##    ##  ##       ##     ## ##     ##       ## ##
     ##       #### ##     ## ######## ########  ##     ##  ######  ########

You're about to initialize a Firebase project in this directory:

  D:\reactjs\chat-app

[debug] [2021-06-26T02:03:35.769Z] ----------------------------------------------------------------------
[debug] [2021-06-26T02:03:35.770Z] Command:       C:\Program Files\nodejs\node.exe C:\Users\ACER\AppData\Roaming\npm\node_modules\firebase-tools\lib\bin\firebase.js init emulators
[debug] [2021-06-26T02:03:35.771Z] CLI Version:   9.14.0
[debug] [2021-06-26T02:03:35.771Z] Platform:      win32
[debug] [2021-06-26T02:03:35.771Z] Node Version:  v14.16.1
[debug] [2021-06-26T02:03:35.771Z] Time:          Sat Jun 26 2021 09:03:35 GMT+0700 (Indochina Time)
[debug] [2021-06-26T02:03:35.771Z] ----------------------------------------------------------------------
[debug] 
[debug] [2021-06-26T02:03:35.775Z] > command requires scopes: ["email","openid","https://www.googleapis.com/auth/cloudplatformprojects.readonly","https://www.googleapis.com/auth/firebase","https://www.googleapis.com/auth/cloud-platform"]
[debug] [2021-06-26T02:03:35.775Z] > authorizing via signed-in user (thinhphamk8@gmail.com)
[info] 
     ######## #### ########  ######## ########     ###     ######  ########
     ##        ##  ##     ## ##       ##     ##  ##   ##  ##       ##
     ######    ##  ########  ######   ########  #########  ######  ######
     ##        ##  ##    ##  ##       ##     ## ##     ##       ## ##
     ##       #### ##     ## ######## ########  ##     ##  ######  ########

You're about to initialize a Firebase project in this directory:

  D:\reactjs\chat-app

